[debug] [2024-03-13T22:35:38.529Z] ----------------------------------------------------------------------
[debug] [2024-03-13T22:35:38.531Z] Command:       C:\Program Files\nodejs\node.exe C:\Users\Phutawan Chonsakorn\AppData\Roaming\npm\node_modules\firebase-tools\lib\bin\firebase.js login
[debug] [2024-03-13T22:35:38.531Z] CLI Version:   13.5.0
[debug] [2024-03-13T22:35:38.532Z] Platform:      win32
[debug] [2024-03-13T22:35:38.532Z] Node Version:  v20.10.0
[debug] [2024-03-13T22:35:38.532Z] Time:          Thu Mar 14 2024 05:35:38 GMT+0700 (เวลาอินโดจีน)
[debug] [2024-03-13T22:35:38.532Z] ----------------------------------------------------------------------
[debug] 
[info] i  Firebase optionally collects CLI and Emulator Suite usage and error reporting information to help improve our products. Data is collected in accordance with Google's privacy policy (https://policies.google.com/privacy) and is not used to identify you.
 
[info] i  To change your data collection preference at any time, run `firebase logout` and log in again. 
[info] 
[info] Visit this URL on this device to log in:
[info] https://accounts.google.com/o/oauth2/auth?client_id=563584335869-fgrhgmd47bqnekij5i8b5pr03ho849e6.apps.googleusercontent.com&scope=email%20openid%20https%3A%2F%2Fwww.googleapis.com%2Fauth%2Fcloudplatformprojects.readonly%20https%3A%2F%2Fwww.googleapis.com%2Fauth%2Ffirebase%20https%3A%2F%2Fwww.googleapis.com%2Fauth%2Fcloud-platform&response_type=code&state=991628243&redirect_uri=http%3A%2F%2Flocalhost%3A9005
[info] 
[info] Waiting for authentication...
[debug] [2024-03-13T22:35:39.858Z] Error: spawn cmd ENOENT
    at ChildProcess._handle.onexit (node:internal/child_process:286:19)
    at onErrorNT (node:internal/child_process:484:16)
    at process.processTicksAndRejections (node:internal/process/task_queues:82:21)
[error] 
[error] Error: An unexpected error has occurred.
[debug] [2024-03-13T22:37:13.761Z] ----------------------------------------------------------------------
[debug] [2024-03-13T22:37:13.763Z] Command:       C:\Program Files\nodejs\node.exe C:\Users\Phutawan Chonsakorn\AppData\Roaming\npm\node_modules\firebase-tools\lib\bin\firebase.js login
[debug] [2024-03-13T22:37:13.763Z] CLI Version:   13.5.0
[debug] [2024-03-13T22:37:13.763Z] Platform:      win32
[debug] [2024-03-13T22:37:13.763Z] Node Version:  v20.10.0
[debug] [2024-03-13T22:37:13.763Z] Time:          Thu Mar 14 2024 05:37:13 GMT+0700 (เวลาอินโดจีน)
[debug] [2024-03-13T22:37:13.763Z] ----------------------------------------------------------------------
[debug] 
[info] i  Firebase optionally collects CLI and Emulator Suite usage and error reporting information to help improve our products. Data is collected in accordance with Google's privacy policy (https://policies.google.com/privacy) and is not used to identify you.
 
[info] i  To change your data collection preference at any time, run `firebase logout` and log in again. 
[info] 
[info] Visit this URL on this device to log in:
[info] https://accounts.google.com/o/oauth2/auth?client_id=563584335869-fgrhgmd47bqnekij5i8b5pr03ho849e6.apps.googleusercontent.com&scope=email%20openid%20https%3A%2F%2Fwww.googleapis.com%2Fauth%2Fcloudplatformprojects.readonly%20https%3A%2F%2Fwww.googleapis.com%2Fauth%2Ffirebase%20https%3A%2F%2Fwww.googleapis.com%2Fauth%2Fcloud-platform&response_type=code&state=895658338&redirect_uri=http%3A%2F%2Flocalhost%3A9005
[info] 
[info] Waiting for authentication...
[debug] [2024-03-13T22:37:14.612Z] Error: spawn cmd ENOENT
    at ChildProcess._handle.onexit (node:internal/child_process:286:19)
    at onErrorNT (node:internal/child_process:484:16)
    at process.processTicksAndRejections (node:internal/process/task_queues:82:21)
[error] 
[error] Error: An unexpected error has occurred.
[debug] [2024-03-13T22:38:06.103Z] ----------------------------------------------------------------------
[debug] [2024-03-13T22:38:06.105Z] Command:       C:\Program Files\nodejs\node.exe C:\Users\Phutawan Chonsakorn\AppData\Roaming\npm\node_modules\firebase-tools\lib\bin\firebase.js login
[debug] [2024-03-13T22:38:06.105Z] CLI Version:   13.5.0
[debug] [2024-03-13T22:38:06.106Z] Platform:      win32
[debug] [2024-03-13T22:38:06.106Z] Node Version:  v20.10.0
[debug] [2024-03-13T22:38:06.106Z] Time:          Thu Mar 14 2024 05:38:06 GMT+0700 (เวลาอินโดจีน)
[debug] [2024-03-13T22:38:06.106Z] ----------------------------------------------------------------------
[debug] 
[info] i  Firebase optionally collects CLI and Emulator Suite usage and error reporting information to help improve our products. Data is collected in accordance with Google's privacy policy (https://policies.google.com/privacy) and is not used to identify you.
 
[info] i  To change your data collection preference at any time, run `firebase logout` and log in again. 
[info] 
[info] Visit this URL on this device to log in:
[info] https://accounts.google.com/o/oauth2/auth?client_id=563584335869-fgrhgmd47bqnekij5i8b5pr03ho849e6.apps.googleusercontent.com&scope=email%20openid%20https%3A%2F%2Fwww.googleapis.com%2Fauth%2Fcloudplatformprojects.readonly%20https%3A%2F%2Fwww.googleapis.com%2Fauth%2Ffirebase%20https%3A%2F%2Fwww.googleapis.com%2Fauth%2Fcloud-platform&response_type=code&state=904649137&redirect_uri=http%3A%2F%2Flocalhost%3A9005
[info] 
[info] Waiting for authentication...
[debug] [2024-03-13T22:38:07.712Z] Error: spawn cmd ENOENT
    at ChildProcess._handle.onexit (node:internal/child_process:286:19)
    at onErrorNT (node:internal/child_process:484:16)
    at process.processTicksAndRejections (node:internal/process/task_queues:82:21)
[error] 
[error] Error: An unexpected error has occurred.
